[INFO] [INICIO]: 20190527 23:24:21

[INFO] Download dataset usando keras.preprocessing.image.ImageDataGenerator
Found 1359 images belonging to 3 classes.
Found 480 images belonging to 3 classes.
[INFO] Inicializando e otimizando a CNN...
[INFO] Treinando a CNN...
Epoch 1/25
 - 108s - loss: 0.5636 - acc: 0.7586 - val_loss: 0.9675 - val_acc: 0.8791
Epoch 2/25
 - 111s - loss: 0.0977 - acc: 0.9733 - val_loss: 1.1519 - val_acc: 0.8838
Epoch 3/25
 - 115s - loss: 0.0310 - acc: 0.9922 - val_loss: 1.2401 - val_acc: 0.9018
Epoch 4/25
 - 115s - loss: 0.0242 - acc: 0.9951 - val_loss: 1.1288 - val_acc: 0.9041
Epoch 5/25
 - 119s - loss: 0.0096 - acc: 0.9980 - val_loss: 1.2979 - val_acc: 0.9038
Epoch 6/25
 - 113s - loss: 0.0188 - acc: 0.9963 - val_loss: 1.2993 - val_acc: 0.9026
Epoch 7/25
 - 113s - loss: 0.0044 - acc: 0.9990 - val_loss: 1.3431 - val_acc: 0.9019
Epoch 8/25
 - 113s - loss: 0.0029 - acc: 0.9993 - val_loss: 1.3622 - val_acc: 0.9024
Epoch 9/25
 - 113s - loss: 0.0018 - acc: 0.9997 - val_loss: 1.3360 - val_acc: 0.9020
Epoch 10/25
 - 113s - loss: 0.0018 - acc: 0.9995 - val_loss: 1.3783 - val_acc: 0.9019
Epoch 11/25
 - 113s - loss: 0.0282 - acc: 0.9964 - val_loss: 1.4309 - val_acc: 0.8544
Epoch 12/25
 - 113s - loss: 0.0026 - acc: 0.9995 - val_loss: 1.3378 - val_acc: 0.9041
Epoch 13/25
 - 116s - loss: 0.0013 - acc: 0.9998 - val_loss: 1.4358 - val_acc: 0.8564
Epoch 14/25
 - 113s - loss: 7.9100e-04 - acc: 1.0000 - val_loss: 1.3852 - val_acc: 0.9005
Epoch 15/25
 - 113s - loss: 6.0696e-04 - acc: 1.0000 - val_loss: 1.4086 - val_acc: 0.9016
Epoch 16/25
 - 113s - loss: 4.6603e-04 - acc: 1.0000 - val_loss: 1.4314 - val_acc: 0.8891
Epoch 17/25
 - 113s - loss: 5.9606e-04 - acc: 0.9999 - val_loss: 1.4293 - val_acc: 0.8732
Epoch 18/25
 - 113s - loss: 4.1993e-04 - acc: 1.0000 - val_loss: 1.3970 - val_acc: 0.9042
Epoch 19/25
 - 114s - loss: 3.3914e-04 - acc: 1.0000 - val_loss: 1.4155 - val_acc: 0.9023
Epoch 20/25
 - 113s - loss: 2.4540e-04 - acc: 1.0000 - val_loss: 1.4208 - val_acc: 0.9020
Epoch 21/25
 - 113s - loss: 2.6021e-04 - acc: 1.0000 - val_loss: 1.4053 - val_acc: 0.9041
Epoch 22/25
 - 116s - loss: 2.7897e-04 - acc: 1.0000 - val_loss: 1.4336 - val_acc: 0.8835
Epoch 23/25
 - 113s - loss: 1.8733e-04 - acc: 1.0000 - val_loss: 1.4246 - val_acc: 0.9041
Epoch 24/25
 - 113s - loss: 2.4312e-04 - acc: 1.0000 - val_loss: 1.4633 - val_acc: 0.8730
Epoch 25/25
 - 113s - loss: 1.5805e-04 - acc: 1.0000 - val_loss: 1.4196 - val_acc: 0.9023
[INFO] Salvando modelo treinado ...
[INFO] modelo: models/trained_classifier_model_20190528_001136.h5 salvo!
[INFO] Tempo de execução da CNN: 2834.62 s
[INFO] Avaliando a CNN...
[INFO] Summary: 
_________________________________________________________________
Layer (type)                 Output Shape              Param #   
=================================================================
conv2d_1 (Conv2D)            (None, 64, 64, 32)        896       
_________________________________________________________________
activation_1 (Activation)    (None, 64, 64, 32)        0         
_________________________________________________________________
max_pooling2d_1 (MaxPooling2 (None, 32, 32, 32)        0         
_________________________________________________________________
conv2d_2 (Conv2D)            (None, 30, 30, 32)        9248      
_________________________________________________________________
activation_2 (Activation)    (None, 30, 30, 32)        0         
_________________________________________________________________
max_pooling2d_2 (MaxPooling2 (None, 15, 15, 32)        0         
_________________________________________________________________
conv2d_3 (Conv2D)            (None, 13, 13, 64)        18496     
_________________________________________________________________
activation_3 (Activation)    (None, 13, 13, 64)        0         
_________________________________________________________________
max_pooling2d_3 (MaxPooling2 (None, 6, 6, 64)          0         
_________________________________________________________________
flatten_1 (Flatten)          (None, 2304)              0         
_________________________________________________________________
dense_1 (Dense)              (None, 256)               590080    
_________________________________________________________________
dense_2 (Dense)              (None, 3)                 771       
=================================================================
Total params: 619,491
Trainable params: 619,491
Non-trainable params: 0
_________________________________________________________________

  1/100 [..............................] - ETA: 4s
  3/100 [..............................] - ETA: 3s
  5/100 [>.............................] - ETA: 2s
  7/100 [=>............................] - ETA: 2s
  9/100 [=>............................] - ETA: 2s
 11/100 [==>...........................] - ETA: 2s
 13/100 [==>...........................] - ETA: 2s
 15/100 [===>..........................] - ETA: 2s
 17/100 [====>.........................] - ETA: 2s
 19/100 [====>.........................] - ETA: 2s
 21/100 [=====>........................] - ETA: 2s
 23/100 [=====>........................] - ETA: 2s
 25/100 [======>.......................] - ETA: 2s
 27/100 [=======>......................] - ETA: 2s
 29/100 [=======>......................] - ETA: 2s
 31/100 [========>.....................] - ETA: 2s
 33/100 [========>.....................] - ETA: 2s
 35/100 [=========>....................] - ETA: 1s
 37/100 [==========>...................] - ETA: 1s
 39/100 [==========>...................] - ETA: 1s
 41/100 [===========>..................] - ETA: 1s
 43/100 [===========>..................] - ETA: 1s
 45/100 [============>.................] - ETA: 1s
 47/100 [=============>................] - ETA: 1s
 49/100 [=============>................] - ETA: 1s
 51/100 [==============>...............] - ETA: 1s
 53/100 [==============>...............] - ETA: 1s
 55/100 [===============>..............] - ETA: 1s
 57/100 [================>.............] - ETA: 1s
 59/100 [================>.............] - ETA: 1s
 61/100 [=================>............] - ETA: 1s
 63/100 [=================>............] - ETA: 1s
 65/100 [==================>...........] - ETA: 1s
 67/100 [===================>..........] - ETA: 0s
 69/100 [===================>..........] - ETA: 0s
 71/100 [====================>.........] - ETA: 0s
 73/100 [====================>.........] - ETA: 0s
 75/100 [=====================>........] - ETA: 0s
 77/100 [======================>.......] - ETA: 0s
 79/100 [======================>.......] - ETA: 0s
 81/100 [=======================>......] - ETA: 0s
 83/100 [=======================>......] - ETA: 0s
 85/100 [========================>.....] - ETA: 0s
 87/100 [=========================>....] - ETA: 0s
 89/100 [=========================>....] - ETA: 0s
 91/100 [==========================>...] - ETA: 0s
 93/100 [==========================>...] - ETA: 0s
 95/100 [===========================>..] - ETA: 0s
 97/100 [============================>.] - ETA: 0s
 99/100 [============================>.] - ETA: 0s
100/100 [==============================] - 3s 30ms/step
[INFO] Accuracy: 90.22% | Loss: 1.42094
[INFO] Sumarizando loss e accuracy para os datasets 'train' e 'test'
[INFO] Gerando imagem do modelo de camadas da CNN

[INFO] [FIM]: 20190528 00:11:40



