[INFO] [INICIO]: 20190528_2219

[INFO] Download dataset usando keras.preprocessing.image.ImageDataGenerator
Found 3000 images belonging to 5 classes.
Found 1250 images belonging to 5 classes.
[INFO] Inicializando e otimizando a CNN...
[INFO] Treinando a CNN...
Epoch 1/25
 - 224s - loss: 0.6037 - acc: 0.7620 - val_loss: 0.0992 - val_acc: 0.9632
Epoch 2/25
 - 227s - loss: 0.0706 - acc: 0.9778 - val_loss: 0.2019 - val_acc: 0.9320
Epoch 3/25
 - 190s - loss: 0.0323 - acc: 0.9911 - val_loss: 0.1872 - val_acc: 0.9655
Epoch 4/25
 - 170s - loss: 0.0190 - acc: 0.9949 - val_loss: 0.1503 - val_acc: 0.9713
Epoch 5/25
 - 177s - loss: 0.0118 - acc: 0.9975 - val_loss: 0.1562 - val_acc: 0.9686
Epoch 6/25
 - 227s - loss: 0.0075 - acc: 0.9982 - val_loss: 0.1698 - val_acc: 0.9720
Epoch 7/25
 - 169s - loss: 0.0045 - acc: 0.9990 - val_loss: 0.2703 - val_acc: 0.9704
Epoch 8/25
 - 185s - loss: 0.0029 - acc: 0.9996 - val_loss: 0.2337 - val_acc: 0.9713
Epoch 9/25
 - 204s - loss: 0.2502 - acc: 0.9763 - val_loss: 0.1429 - val_acc: 0.9704
Epoch 10/25
 - 261s - loss: 0.0067 - acc: 0.9989 - val_loss: 0.1583 - val_acc: 0.9704
Epoch 11/25
 - 269s - loss: 0.0030 - acc: 0.9997 - val_loss: 0.1956 - val_acc: 0.9704
Epoch 12/25
 - 318s - loss: 0.0022 - acc: 0.9998 - val_loss: 0.1890 - val_acc: 0.9705
Epoch 13/25
 - 274s - loss: 0.0014 - acc: 0.9999 - val_loss: 0.1987 - val_acc: 0.9712
Epoch 14/25
 - 155s - loss: 0.0010 - acc: 1.0000 - val_loss: 0.2531 - val_acc: 0.9711
Epoch 15/25
 - 141s - loss: 0.0011 - acc: 0.9999 - val_loss: 0.2316 - val_acc: 0.9705
Epoch 16/25
 - 141s - loss: 7.7210e-04 - acc: 0.9999 - val_loss: 0.2360 - val_acc: 0.9703
Epoch 17/25
 - 146s - loss: 5.3563e-04 - acc: 1.0000 - val_loss: 0.2510 - val_acc: 0.9704
Epoch 18/25
 - 163s - loss: 5.4647e-04 - acc: 1.0000 - val_loss: 0.2576 - val_acc: 0.9712
Epoch 19/25
 - 152s - loss: 5.4811e-04 - acc: 1.0000 - val_loss: 0.2567 - val_acc: 0.9704
Epoch 20/25
 - 151s - loss: 3.9676e-04 - acc: 1.0000 - val_loss: 0.2644 - val_acc: 0.9704
Epoch 21/25
 - 151s - loss: 3.8667e-04 - acc: 1.0000 - val_loss: 0.2613 - val_acc: 0.9704
Epoch 22/25
 - 169s - loss: 4.6118e-04 - acc: 0.9999 - val_loss: 0.2747 - val_acc: 0.9705
Epoch 23/25
 - 174s - loss: 2.6649e-04 - acc: 1.0000 - val_loss: 0.2643 - val_acc: 0.9704
Epoch 24/25
 - 161s - loss: 2.3952e-04 - acc: 1.0000 - val_loss: 0.2730 - val_acc: 0.9704
Epoch 25/25
 - 152s - loss: 2.4525e-04 - acc: 1.0000 - val_loss: 0.2877 - val_acc: 0.9713
[INFO] Salvando modelo treinado ...
[INFO] modelo: models/cnn_model_LIBRAS_20190528_2338.h5 salvo!
[INFO] Tempo de execução da CNN: 79.2 min
[INFO] Avaliando a CNN...
[INFO] Summary: 
_________________________________________________________________
Layer (type)                 Output Shape              Param #   
=================================================================
conv2d_1 (Conv2D)            (None, 64, 64, 32)        896       
_________________________________________________________________
activation_1 (Activation)    (None, 64, 64, 32)        0         
_________________________________________________________________
max_pooling2d_1 (MaxPooling2 (None, 32, 32, 32)        0         
_________________________________________________________________
conv2d_2 (Conv2D)            (None, 30, 30, 32)        9248      
_________________________________________________________________
activation_2 (Activation)    (None, 30, 30, 32)        0         
_________________________________________________________________
max_pooling2d_2 (MaxPooling2 (None, 15, 15, 32)        0         
_________________________________________________________________
conv2d_3 (Conv2D)            (None, 13, 13, 64)        18496     
_________________________________________________________________
activation_3 (Activation)    (None, 13, 13, 64)        0         
_________________________________________________________________
max_pooling2d_3 (MaxPooling2 (None, 6, 6, 64)          0         
_________________________________________________________________
flatten_1 (Flatten)          (None, 2304)              0         
_________________________________________________________________
dense_1 (Dense)              (None, 256)               590080    
_________________________________________________________________
dense_2 (Dense)              (None, 5)                 1285      
=================================================================
Total params: 620,005
Trainable params: 620,005
Non-trainable params: 0
_________________________________________________________________

  1/100 [..............................] - ETA: 4s
  3/100 [..............................] - ETA: 3s
  5/100 [>.............................] - ETA: 3s
  7/100 [=>............................] - ETA: 3s
  9/100 [=>............................] - ETA: 3s
 11/100 [==>...........................] - ETA: 3s
 12/100 [==>...........................] - ETA: 3s
 13/100 [==>...........................] - ETA: 3s
 14/100 [===>..........................] - ETA: 3s
 15/100 [===>..........................] - ETA: 3s
 17/100 [====>.........................] - ETA: 3s
 19/100 [====>.........................] - ETA: 3s
 21/100 [=====>........................] - ETA: 3s
 22/100 [=====>........................] - ETA: 3s
 23/100 [=====>........................] - ETA: 3s
 24/100 [======>.......................] - ETA: 3s
 25/100 [======>.......................] - ETA: 3s
 26/100 [======>.......................] - ETA: 3s
 29/100 [=======>......................] - ETA: 3s
 31/100 [========>.....................] - ETA: 2s
 33/100 [========>.....................] - ETA: 2s
 34/100 [=========>....................] - ETA: 2s
 35/100 [=========>....................] - ETA: 2s
 36/100 [=========>....................] - ETA: 2s
 37/100 [==========>...................] - ETA: 2s
 39/100 [==========>...................] - ETA: 2s
 41/100 [===========>..................] - ETA: 2s
 43/100 [===========>..................] - ETA: 2s
 45/100 [============>.................] - ETA: 2s
 47/100 [=============>................] - ETA: 2s
 49/100 [=============>................] - ETA: 2s
 51/100 [==============>...............] - ETA: 2s
 53/100 [==============>...............] - ETA: 2s
 55/100 [===============>..............] - ETA: 1s
 57/100 [================>.............] - ETA: 1s
 59/100 [================>.............] - ETA: 1s
 61/100 [=================>............] - ETA: 1s
 63/100 [=================>............] - ETA: 1s
 65/100 [==================>...........] - ETA: 1s
 67/100 [===================>..........] - ETA: 1s
 70/100 [====================>.........] - ETA: 1s
 72/100 [====================>.........] - ETA: 1s
 74/100 [=====================>........] - ETA: 1s
 76/100 [=====================>........] - ETA: 0s
 77/100 [======================>.......] - ETA: 0s
 78/100 [======================>.......] - ETA: 0s
 80/100 [=======================>......] - ETA: 0s
 82/100 [=======================>......] - ETA: 0s
 84/100 [========================>.....] - ETA: 0s
 86/100 [========================>.....] - ETA: 0s
 88/100 [=========================>....] - ETA: 0s
 90/100 [==========================>...] - ETA: 0s
 92/100 [==========================>...] - ETA: 0s
 94/100 [===========================>..] - ETA: 0s
 96/100 [===========================>..] - ETA: 0s
 98/100 [============================>.] - ETA: 0s
100/100 [==============================] - 4s 38ms/step
[INFO] Accuracy: 97.07% | Loss: 0.29473
[INFO] Sumarizando loss e accuracy para os datasets 'train' e 'test'
[INFO] Gerando imagem do modelo de camadas da CNN

[INFO] [FIM]: 20190528_2338



