[INFO] [INICIO]: 20190531_0031

[INFO] Download dataset usando keras.preprocessing.image.ImageDataGenerator
Found 25304 images belonging to 21 classes.
Found 8498 images belonging to 21 classes.
[INFO] Inicializando e otimizando a CNN...
[INFO] Treinando a CNN...
Epoch 1/30
 - 128s - loss: 2.9007 - acc: 0.1240 - val_loss: 2.0455 - val_acc: 0.4119
Epoch 2/30
 - 126s - loss: 1.3056 - acc: 0.5616 - val_loss: 0.5479 - val_acc: 0.8151
Epoch 3/30
 - 126s - loss: 0.4695 - acc: 0.8349 - val_loss: 0.2736 - val_acc: 0.9207
Epoch 4/30
 - 121s - loss: 0.2482 - acc: 0.9140 - val_loss: 0.1477 - val_acc: 0.9624
Epoch 5/30
 - 115s - loss: 0.1476 - acc: 0.9514 - val_loss: 0.1219 - val_acc: 0.9682
Epoch 6/30
 - 114s - loss: 0.1022 - acc: 0.9666 - val_loss: 0.1075 - val_acc: 0.9740
Epoch 7/30
 - 129s - loss: 0.0770 - acc: 0.9749 - val_loss: 0.0929 - val_acc: 0.9712
Epoch 8/30
 - 127s - loss: 0.0659 - acc: 0.9783 - val_loss: 0.0940 - val_acc: 0.9751
Epoch 9/30
 - 128s - loss: 0.0520 - acc: 0.9827 - val_loss: 0.1053 - val_acc: 0.9748
Epoch 10/30
 - 127s - loss: 0.0424 - acc: 0.9867 - val_loss: 0.1325 - val_acc: 0.9719
Epoch 11/30
 - 135s - loss: 0.0372 - acc: 0.9889 - val_loss: 0.0901 - val_acc: 0.9768
Epoch 12/30
 - 135s - loss: 0.0319 - acc: 0.9897 - val_loss: 0.1060 - val_acc: 0.9786
Epoch 13/30
 - 127s - loss: 0.0307 - acc: 0.9900 - val_loss: 0.1008 - val_acc: 0.9791
Epoch 14/30
 - 122s - loss: 0.0289 - acc: 0.9905 - val_loss: 0.0888 - val_acc: 0.9794
Epoch 15/30
 - 126s - loss: 0.0254 - acc: 0.9922 - val_loss: 0.0961 - val_acc: 0.9776
Epoch 16/30
 - 123s - loss: 0.0238 - acc: 0.9920 - val_loss: 0.0909 - val_acc: 0.9783
Epoch 17/30
 - 127s - loss: 0.0189 - acc: 0.9944 - val_loss: 0.0799 - val_acc: 0.9799
Epoch 18/30
 - 133s - loss: 0.0213 - acc: 0.9932 - val_loss: 0.0715 - val_acc: 0.9816
Epoch 19/30
 - 135s - loss: 0.0172 - acc: 0.9946 - val_loss: 0.0910 - val_acc: 0.9794
Epoch 20/30
 - 137s - loss: 0.0168 - acc: 0.9947 - val_loss: 0.0781 - val_acc: 0.9805
Epoch 21/30
 - 137s - loss: 0.0145 - acc: 0.9953 - val_loss: 0.0977 - val_acc: 0.9802
Epoch 22/30
 - 136s - loss: 0.0143 - acc: 0.9953 - val_loss: 0.0839 - val_acc: 0.9789
Epoch 23/30
 - 126s - loss: 0.0149 - acc: 0.9952 - val_loss: 0.0918 - val_acc: 0.9780
Epoch 24/30
 - 121s - loss: 0.0142 - acc: 0.9956 - val_loss: 0.0792 - val_acc: 0.9799
Epoch 25/30
 - 125s - loss: 0.0123 - acc: 0.9963 - val_loss: 0.0864 - val_acc: 0.9796
Epoch 26/30
 - 126s - loss: 0.0149 - acc: 0.9954 - val_loss: 0.0886 - val_acc: 0.9797
Epoch 27/30
 - 126s - loss: 0.0123 - acc: 0.9958 - val_loss: 0.0837 - val_acc: 0.9843
Epoch 28/30
 - 130s - loss: 0.0103 - acc: 0.9964 - val_loss: 0.0818 - val_acc: 0.9800
Epoch 29/30
 - 124s - loss: 0.0093 - acc: 0.9971 - val_loss: 0.0872 - val_acc: 0.9784
Epoch 30/30
 - 119s - loss: 0.0114 - acc: 0.9960 - val_loss: 0.0853 - val_acc: 0.9811
[INFO] Salvando modelo treinado ...
[INFO] modelo: ../models/cnn_model_LIBRAS_20190531_0135.h5 salvo!
[INFO] Tempo de execução da CNN: 63.5 min
[INFO] Avaliando a CNN...
[INFO] Summary: 
_________________________________________________________________
Layer (type)                 Output Shape              Param #   
=================================================================
conv2d_1 (Conv2D)            (None, 64, 64, 32)        896       
_________________________________________________________________
leaky_re_lu_1 (LeakyReLU)    (None, 64, 64, 32)        0         
_________________________________________________________________
max_pooling2d_1 (MaxPooling2 (None, 32, 32, 32)        0         
_________________________________________________________________
conv2d_2 (Conv2D)            (None, 30, 30, 32)        9248      
_________________________________________________________________
leaky_re_lu_2 (LeakyReLU)    (None, 30, 30, 32)        0         
_________________________________________________________________
max_pooling2d_2 (MaxPooling2 (None, 15, 15, 32)        0         
_________________________________________________________________
conv2d_3 (Conv2D)            (None, 13, 13, 64)        18496     
_________________________________________________________________
leaky_re_lu_3 (LeakyReLU)    (None, 13, 13, 64)        0         
_________________________________________________________________
max_pooling2d_3 (MaxPooling2 (None, 6, 6, 64)          0         
_________________________________________________________________
flatten_1 (Flatten)          (None, 2304)              0         
_________________________________________________________________
dense_1 (Dense)              (None, 256)               590080    
_________________________________________________________________
dropout_1 (Dropout)          (None, 256)               0         
_________________________________________________________________
dense_2 (Dense)              (None, 21)                5397      
=================================================================
Total params: 624,117
Trainable params: 624,117
Non-trainable params: 0
_________________________________________________________________

  1/100 [..............................] - ETA: 8s
  2/100 [..............................] - ETA: 7s
  3/100 [..............................] - ETA: 6s
  4/100 [>.............................] - ETA: 5s
  5/100 [>.............................] - ETA: 5s
  6/100 [>.............................] - ETA: 5s
  7/100 [=>............................] - ETA: 5s
  9/100 [=>............................] - ETA: 5s
 11/100 [==>...........................] - ETA: 4s
 13/100 [==>...........................] - ETA: 4s
 15/100 [===>..........................] - ETA: 4s
 17/100 [====>.........................] - ETA: 3s
 19/100 [====>.........................] - ETA: 3s
 21/100 [=====>........................] - ETA: 3s
 23/100 [=====>........................] - ETA: 3s
 25/100 [======>.......................] - ETA: 3s
 27/100 [=======>......................] - ETA: 3s
 29/100 [=======>......................] - ETA: 3s
 31/100 [========>.....................] - ETA: 3s
 33/100 [========>.....................] - ETA: 2s
 35/100 [=========>....................] - ETA: 2s
 37/100 [==========>...................] - ETA: 2s
 39/100 [==========>...................] - ETA: 2s
 41/100 [===========>..................] - ETA: 2s
 43/100 [===========>..................] - ETA: 2s
 45/100 [============>.................] - ETA: 2s
 46/100 [============>.................] - ETA: 2s
 47/100 [=============>................] - ETA: 2s
 48/100 [=============>................] - ETA: 2s
 50/100 [==============>...............] - ETA: 2s
 52/100 [==============>...............] - ETA: 2s
 54/100 [===============>..............] - ETA: 2s
 55/100 [===============>..............] - ETA: 2s
 56/100 [===============>..............] - ETA: 1s
 58/100 [================>.............] - ETA: 1s
 60/100 [=================>............] - ETA: 1s
 62/100 [=================>............] - ETA: 1s
 64/100 [==================>...........] - ETA: 1s
 66/100 [==================>...........] - ETA: 1s
 68/100 [===================>..........] - ETA: 1s
 70/100 [====================>.........] - ETA: 1s
 72/100 [====================>.........] - ETA: 1s
 74/100 [=====================>........] - ETA: 1s
 76/100 [=====================>........] - ETA: 1s
 78/100 [======================>.......] - ETA: 0s
 80/100 [=======================>......] - ETA: 0s
 82/100 [=======================>......] - ETA: 0s
 84/100 [========================>.....] - ETA: 0s
 86/100 [========================>.....] - ETA: 0s
 88/100 [=========================>....] - ETA: 0s
 90/100 [==========================>...] - ETA: 0s
 92/100 [==========================>...] - ETA: 0s
 94/100 [===========================>..] - ETA: 0s
 95/100 [===========================>..] - ETA: 0s
 96/100 [===========================>..] - ETA: 0s
 97/100 [============================>.] - ETA: 0s
 99/100 [============================>.] - ETA: 0s
100/100 [==============================] - 4s 44ms/step
[INFO] Accuracy: 97.52% | Loss: 0.10099
[INFO] Sumarizando loss e accuracy para os datasets 'train' e 'test'
[INFO] Gerando imagem do modelo de camadas da CNN

[INFO] [FIM]: 20190531_0135



